<testsuites id="" name="" tests="6" failures="6" skipped="0" errors="0" time="2.1685570000000003">
<testsuite name="performance.spec.ts" timestamp="2025-06-14T21:45:50.949Z" hostname="chromium" tests="6" failures="6" skipped="0" time="3.445" errors="0">
<testcase name="Performance Tests › should meet Core Web Vitals thresholds" classname="performance.spec.ts" time="0.572">
<failure message="performance.spec.ts:9:3 should meet Core Web Vitals thresholds" type="FAILURE">
<![CDATA[  [chromium] › performance.spec.ts:9:3 › Performance Tests › should meet Core Web Vitals thresholds 

    Error: page.goto: net::ERR_EMPTY_RESPONSE at http://localhost:3000/
    Call log:
      - navigating to "http://localhost:3000/", waiting until "load"


      3 | test.describe('Performance Tests', () => {
      4 |   test.beforeEach(async ({ page }) => {
    > 5 |     await page.goto('/');
        |                ^
      6 |     await page.waitForLoadState('networkidle');
      7 |   });
      8 |
        at /Users/sakataka/tetris-game/e2e/performance.spec.ts:5:16

    attachment #1: screenshot (image/png) ──────────────────────────────────────────────────────────
    test-results/performance-Performance-Te-c407e--Core-Web-Vitals-thresholds-chromium/test-failed-1.png
    ────────────────────────────────────────────────────────────────────────────────────────────────

    attachment #2: video (video/webm) ──────────────────────────────────────────────────────────────
    test-results/performance-Performance-Te-c407e--Core-Web-Vitals-thresholds-chromium/video.webm
    ────────────────────────────────────────────────────────────────────────────────────────────────
]]>
</failure>
<system-out>
<![CDATA[
[[ATTACHMENT|../test-results/performance-Performance-Te-c407e--Core-Web-Vitals-thresholds-chromium/test-failed-1.png]]

[[ATTACHMENT|../test-results/performance-Performance-Te-c407e--Core-Web-Vitals-thresholds-chromium/video.webm]]
]]>
</system-out>
</testcase>
<testcase name="Performance Tests › should load game interface within performance budget" classname="performance.spec.ts" time="0.572">
<failure message="performance.spec.ts:76:3 should load game interface within performance budget" type="FAILURE">
<![CDATA[  [chromium] › performance.spec.ts:76:3 › Performance Tests › should load game interface within performance budget 

    Error: page.goto: net::ERR_CONNECTION_RESET at http://localhost:3000/
    Call log:
      - navigating to "http://localhost:3000/", waiting until "load"


      3 | test.describe('Performance Tests', () => {
      4 |   test.beforeEach(async ({ page }) => {
    > 5 |     await page.goto('/');
        |                ^
      6 |     await page.waitForLoadState('networkidle');
      7 |   });
      8 |
        at /Users/sakataka/tetris-game/e2e/performance.spec.ts:5:16

    attachment #1: screenshot (image/png) ──────────────────────────────────────────────────────────
    test-results/performance-Performance-Te-65920-e-within-performance-budget-chromium/test-failed-1.png
    ────────────────────────────────────────────────────────────────────────────────────────────────

    attachment #2: video (video/webm) ──────────────────────────────────────────────────────────────
    test-results/performance-Performance-Te-65920-e-within-performance-budget-chromium/video.webm
    ────────────────────────────────────────────────────────────────────────────────────────────────
]]>
</failure>
<system-out>
<![CDATA[
[[ATTACHMENT|../test-results/performance-Performance-Te-65920-e-within-performance-budget-chromium/test-failed-1.png]]

[[ATTACHMENT|../test-results/performance-Performance-Te-65920-e-within-performance-budget-chromium/video.webm]]
]]>
</system-out>
</testcase>
<testcase name="Performance Tests › should maintain responsive performance during gameplay" classname="performance.spec.ts" time="0.573">
<failure message="performance.spec.ts:90:3 should maintain responsive performance during gameplay" type="FAILURE">
<![CDATA[  [chromium] › performance.spec.ts:90:3 › Performance Tests › should maintain responsive performance during gameplay 

    Error: page.goto: net::ERR_EMPTY_RESPONSE at http://localhost:3000/
    Call log:
      - navigating to "http://localhost:3000/", waiting until "load"


      3 | test.describe('Performance Tests', () => {
      4 |   test.beforeEach(async ({ page }) => {
    > 5 |     await page.goto('/');
        |                ^
      6 |     await page.waitForLoadState('networkidle');
      7 |   });
      8 |
        at /Users/sakataka/tetris-game/e2e/performance.spec.ts:5:16

    attachment #1: screenshot (image/png) ──────────────────────────────────────────────────────────
    test-results/performance-Performance-Te-ae332-performance-during-gameplay-chromium/test-failed-1.png
    ────────────────────────────────────────────────────────────────────────────────────────────────

    attachment #2: video (video/webm) ──────────────────────────────────────────────────────────────
    test-results/performance-Performance-Te-ae332-performance-during-gameplay-chromium/video.webm
    ────────────────────────────────────────────────────────────────────────────────────────────────
]]>
</failure>
<system-out>
<![CDATA[
[[ATTACHMENT|../test-results/performance-Performance-Te-ae332-performance-during-gameplay-chromium/test-failed-1.png]]

[[ATTACHMENT|../test-results/performance-Performance-Te-ae332-performance-during-gameplay-chromium/video.webm]]
]]>
</system-out>
</testcase>
<testcase name="Performance Tests › should handle multiple tab switching performance" classname="performance.spec.ts" time="0.576">
<failure message="performance.spec.ts:140:3 should handle multiple tab switching performance" type="FAILURE">
<![CDATA[  [chromium] › performance.spec.ts:140:3 › Performance Tests › should handle multiple tab switching performance 

    Error: page.goto: net::ERR_CONNECTION_RESET at http://localhost:3000/
    Call log:
      - navigating to "http://localhost:3000/", waiting until "load"


      3 | test.describe('Performance Tests', () => {
      4 |   test.beforeEach(async ({ page }) => {
    > 5 |     await page.goto('/');
        |                ^
      6 |     await page.waitForLoadState('networkidle');
      7 |   });
      8 |
        at /Users/sakataka/tetris-game/e2e/performance.spec.ts:5:16

    attachment #1: screenshot (image/png) ──────────────────────────────────────────────────────────
    test-results/performance-Performance-Te-2e838-e-tab-switching-performance-chromium/test-failed-1.png
    ────────────────────────────────────────────────────────────────────────────────────────────────

    attachment #2: video (video/webm) ──────────────────────────────────────────────────────────────
    test-results/performance-Performance-Te-2e838-e-tab-switching-performance-chromium/video.webm
    ────────────────────────────────────────────────────────────────────────────────────────────────
]]>
</failure>
<system-out>
<![CDATA[
[[ATTACHMENT|../test-results/performance-Performance-Te-2e838-e-tab-switching-performance-chromium/test-failed-1.png]]

[[ATTACHMENT|../test-results/performance-Performance-Te-2e838-e-tab-switching-performance-chromium/video.webm]]
]]>
</system-out>
</testcase>
<testcase name="Performance Tests › should measure bundle loading performance" classname="performance.spec.ts" time="0.575">
<failure message="performance.spec.ts:176:3 should measure bundle loading performance" type="FAILURE">
<![CDATA[  [chromium] › performance.spec.ts:176:3 › Performance Tests › should measure bundle loading performance 

    Error: page.goto: net::ERR_CONNECTION_RESET at http://localhost:3000/
    Call log:
      - navigating to "http://localhost:3000/", waiting until "load"


      3 | test.describe('Performance Tests', () => {
      4 |   test.beforeEach(async ({ page }) => {
    > 5 |     await page.goto('/');
        |                ^
      6 |     await page.waitForLoadState('networkidle');
      7 |   });
      8 |
        at /Users/sakataka/tetris-game/e2e/performance.spec.ts:5:16

    attachment #1: screenshot (image/png) ──────────────────────────────────────────────────────────
    test-results/performance-Performance-Te-c967c--bundle-loading-performance-chromium/test-failed-1.png
    ────────────────────────────────────────────────────────────────────────────────────────────────

    attachment #2: video (video/webm) ──────────────────────────────────────────────────────────────
    test-results/performance-Performance-Te-c967c--bundle-loading-performance-chromium/video.webm
    ────────────────────────────────────────────────────────────────────────────────────────────────
]]>
</failure>
<system-out>
<![CDATA[
[[ATTACHMENT|../test-results/performance-Performance-Te-c967c--bundle-loading-performance-chromium/test-failed-1.png]]

[[ATTACHMENT|../test-results/performance-Performance-Te-c967c--bundle-loading-performance-chromium/video.webm]]
]]>
</system-out>
</testcase>
<testcase name="Performance Tests › should maintain performance with settings changes" classname="performance.spec.ts" time="0.577">
<failure message="performance.spec.ts:215:3 should maintain performance with settings changes" type="FAILURE">
<![CDATA[  [chromium] › performance.spec.ts:215:3 › Performance Tests › should maintain performance with settings changes 

    Error: page.goto: net::ERR_EMPTY_RESPONSE at http://localhost:3000/
    Call log:
      - navigating to "http://localhost:3000/", waiting until "load"


      3 | test.describe('Performance Tests', () => {
      4 |   test.beforeEach(async ({ page }) => {
    > 5 |     await page.goto('/');
        |                ^
      6 |     await page.waitForLoadState('networkidle');
      7 |   });
      8 |
        at /Users/sakataka/tetris-game/e2e/performance.spec.ts:5:16

    attachment #1: screenshot (image/png) ──────────────────────────────────────────────────────────
    test-results/performance-Performance-Te-23877-mance-with-settings-changes-chromium/test-failed-1.png
    ────────────────────────────────────────────────────────────────────────────────────────────────

    attachment #2: video (video/webm) ──────────────────────────────────────────────────────────────
    test-results/performance-Performance-Te-23877-mance-with-settings-changes-chromium/video.webm
    ────────────────────────────────────────────────────────────────────────────────────────────────
]]>
</failure>
<system-out>
<![CDATA[
[[ATTACHMENT|../test-results/performance-Performance-Te-23877-mance-with-settings-changes-chromium/test-failed-1.png]]

[[ATTACHMENT|../test-results/performance-Performance-Te-23877-mance-with-settings-changes-chromium/video.webm]]
]]>
</system-out>
</testcase>
</testsuite>
</testsuites>